<?xml version="1.0" encoding="UTF-8"?>
<!-- Generated by org.testng.reporters.JUnitXMLReporter -->
<testsuite hostname="LAPTOP-R70E16ME" ignored="0" name="ChromeTest" tests="1" failures="1" timestamp="23 Nov 2019 05:41:30 GMT" time="18.863" errors="0">
  <testcase name="testUnameBlankMessage" time="3.614" classname="com.grid.GridTestClass">
    <failure type="java.lang.AssertionError" message="expected [Please enter email as kiran@gmail.com] but found [Please enter email.]">
      <![CDATA[java.lang.AssertionError: expected [Please enter email as kiran@gmail.com] but found [Please enter email.]
at com.grid.GridTestClass.testUnameBlankMessage(GridTestClass.java:86)
at java.util.concurrent.FutureTask.run(Unknown Source)
at java.util.concurrent.ThreadPoolExecutor.runWorker(Unknown Source)
at java.util.concurrent.ThreadPoolExecutor$Worker.run(Unknown Source)
at java.lang.Thread.run(Unknown Source)
... Removed 22 stack frames]]>
    </failure>
  </testcase> <!-- testUnameBlankMessage -->
</testsuite> <!-- ChromeTest -->
