<?xml version="1.0" encoding="UTF-8"?>
<!-- Generated by org.testng.reporters.JUnitXMLReporter -->
<testsuite hostname="LAPTOP-R70E16ME" ignored="0" name="FirefoxTest" tests="1" failures="0" timestamp="23 Nov 2019 05:41:22 GMT" time="11.009" errors="0">
  <testcase name="@BeforeTest launchapp" time="10.958" classname="com.grid.GridTestClass">
    <failure type="org.openqa.selenium.remote.UnreachableBrowserException" message="Could not start a new session. Possible causes are invalid address of the remote server or browser start-up failure.
Build info: version: &amp;apos;3.9.0&amp;apos;, revision: &amp;apos;698b3178f0&amp;apos;, time: &amp;apos;2018-02-05T14:56:13.134Z&amp;apos;
System info: host: &amp;apos;LAPTOP-R70E16ME&amp;apos;, ip: &amp;apos;192.168.0.129&amp;apos;, os.name: &amp;apos;Windows 10&amp;apos;, os.arch: &amp;apos;amd64&amp;apos;, os.version: &amp;apos;10.0&amp;apos;, java.version: &amp;apos;1.8.0_181&amp;apos;
Driver info: driver.version: RemoteWebDriver">
      <![CDATA[org.openqa.selenium.remote.UnreachableBrowserException: Could not start a new session. Possible causes are invalid address of the remote server or browser start-up failure.
Build info: version: '3.9.0', revision: '698b3178f0', time: '2018-02-05T14:56:13.134Z'
System info: host: 'LAPTOP-R70E16ME', ip: '192.168.0.129', os.name: 'Windows 10', os.arch: 'amd64', os.version: '10.0', java.version: '1.8.0_181'
Driver info: driver.version: RemoteWebDriver
at org.openqa.selenium.remote.RemoteWebDriver.execute(RemoteWebDriver.java:622)
at org.openqa.selenium.remote.RemoteWebDriver.startSession(RemoteWebDriver.java:219)
at org.openqa.selenium.remote.RemoteWebDriver.<init>(RemoteWebDriver.java:142)
at org.openqa.selenium.remote.RemoteWebDriver.<init>(RemoteWebDriver.java:155)
at com.grid.GridTestClass.launchapp(GridTestClass.java:34)
at java.util.concurrent.FutureTask.run(Unknown Source)
at java.util.concurrent.ThreadPoolExecutor.runWorker(Unknown Source)
at java.util.concurrent.ThreadPoolExecutor$Worker.run(Unknown Source)
at java.lang.Thread.run(Unknown Source)
Caused by: java.net.SocketTimeoutException: timeout
at okio.Okio$4.newTimeoutException(Okio.java:230)
at okio.AsyncTimeout.exit(AsyncTimeout.java:285)
at okio.AsyncTimeout$2.read(AsyncTimeout.java:241)
at okio.RealBufferedSource.indexOf(RealBufferedSource.java:345)
at okio.RealBufferedSource.readUtf8LineStrict(RealBufferedSource.java:217)
at okhttp3.internal.http1.Http1Codec.readHeaderLine(Http1Codec.java:212)
at okhttp3.internal.http1.Http1Codec.readResponseHeaders(Http1Codec.java:189)
at okhttp3.internal.http.CallServerInterceptor.intercept(CallServerInterceptor.java:88)
at okhttp3.internal.http.RealInterceptorChain.proceed(RealInterceptorChain.java:147)
at okhttp3.internal.connection.ConnectInterceptor.intercept(ConnectInterceptor.java:45)
at okhttp3.internal.http.RealInterceptorChain.proceed(RealInterceptorChain.java:147)
at okhttp3.internal.http.RealInterceptorChain.proceed(RealInterceptorChain.java:121)
at okhttp3.internal.cache.CacheInterceptor.intercept(CacheInterceptor.java:93)
at okhttp3.internal.http.RealInterceptorChain.proceed(RealInterceptorChain.java:147)
at okhttp3.internal.http.RealInterceptorChain.proceed(RealInterceptorChain.java:121)
at okhttp3.internal.http.BridgeInterceptor.intercept(BridgeInterceptor.java:93)
at okhttp3.internal.http.RealInterceptorChain.proceed(RealInterceptorChain.java:147)
at okhttp3.internal.http.RetryAndFollowUpInterceptor.intercept(RetryAndFollowUpInterceptor.java:125)
at okhttp3.internal.http.RealInterceptorChain.proceed(RealInterceptorChain.java:147)
at okhttp3.internal.http.RealInterceptorChain.proceed(RealInterceptorChain.java:121)
at okhttp3.RealCall.getResponseWithInterceptorChain(RealCall.java:200)
at okhttp3.RealCall.execute(RealCall.java:77)
at org.openqa.selenium.remote.internal.OkHttpClient.execute(OkHttpClient.java:97)
at org.openqa.selenium.remote.internal.OkHttpClient.execute(OkHttpClient.java:47)
at org.openqa.selenium.remote.ProtocolHandshake.createSession(ProtocolHandshake.java:101)
at org.openqa.selenium.remote.ProtocolHandshake.createSession(ProtocolHandshake.java:73)
at org.openqa.selenium.remote.HttpCommandExecutor.execute(HttpCommandExecutor.java:138)
at org.openqa.selenium.remote.RemoteWebDriver.execute(RemoteWebDriver.java:601)
... 23 more
Caused by: java.net.SocketTimeoutException: Read timed out
at java.net.SocketInputStream.socketRead0(Native Method)
at java.net.SocketInputStream.socketRead(Unknown Source)
at java.net.SocketInputStream.read(Unknown Source)
at java.net.SocketInputStream.read(Unknown Source)
at okio.Okio$2.read(Okio.java:139)
at okio.AsyncTimeout$2.read(AsyncTimeout.java:237)
... 48 more
... Removed 15 stack frames]]>
    </failure>
  </testcase> <!-- @BeforeTest launchapp -->
  <testcase name="@AfterTest closeBrowser" time="0.0" classname="com.grid.GridTestClass">
    <skipped/>
  </testcase> <!-- @AfterTest closeBrowser -->
  <testcase name="testUnameBlankMessage" time="0.0" classname="com.grid.GridTestClass">
    <skipped/>
  </testcase> <!-- testUnameBlankMessage -->
</testsuite> <!-- FirefoxTest -->
